Arguments: 
  /usr/bin/node /mnt/c/Program Files (x86)/Yarn/bin/yarn.js

PATH: 
  /usr/local/sbin:/usr/local/bin:/usr/sbin:/usr/bin:/sbin:/bin:/usr/games:/usr/local/games:/mnt/c/Program Files (x86)/Common Files/Oracle/Java/javapath_target_1345578:/mnt/c/Program Files (x86)/Common Files/Intel/Shared Libraries/redist/intel64/compiler:/mnt/c/Program Files/Oculus/Support/oculus-runtime:/mnt/c/ProgramData/Oracle/Java/javapath_target_1406968:/mnt/c/Program Files (x86)/Razer Chroma SDK/bin:/mnt/c/Program Files/Razer Chroma SDK/bin:/mnt/c/Windows/System32:/mnt/c/Windows:/mnt/c/Windows/System32/wbem:/mnt/c/Windows/System32/WindowsPowerShell/v1.0:/mnt/c/Program Files (x86)/NVIDIA Corporation/PhysX/Common:/mnt/c/Windows/System32:/mnt/c/Windows:/mnt/c/Windows/System32/wbem:/mnt/c/Windows/System32/WindowsPowerShell/v1.0:/mnt/c/Program Files (x86)/Skype/Phone:/mnt/c/Program Files/Intel/WiFi/bin:/mnt/c/Program Files/Common Files/Intel/WirelessCommon:/mnt/c/Program Files/Git/cmd:/mnt/c/Windows/System32:/mnt/c/Windows:/mnt/c/Windows/System32/wbem:/mnt/c/Windows/System32/WindowsPowerShell/v1.0:/mnt/c/Windows/System32/OpenSSH:/mnt/c/Program Files/nodejs:/mnt/c/Program Files (x86)/Yarn/bin:/mnt/c/Users/petergcutler/AppData/Local/atom/bin:/mnt/c/Users/petergcutler/AppData/Local/Microsoft/WindowsApps:/mnt/c/Users/petergcutler/AppData/Roaming/npm:/snap/bin

Yarn version: 
  1.7.0

Node version: 
  10.5.0

Platform: 
  linux x64

Trace: 
  Error: https://registry.yarnpkg.com/@angular/common/-/common-6.0.7.tgz: ESOCKETTIMEDOUT
      at ClientRequest.<anonymous> (/mnt/c/Program Files (x86)/Yarn/lib/cli.js:135306:19)
      at Object.onceWrapper (events.js:273:13)
      at ClientRequest.emit (events.js:182:13)
      at TLSSocket.emitTimeout (_http_client.js:706:34)
      at Object.onceWrapper (events.js:273:13)
      at TLSSocket.emit (events.js:182:13)
      at TLSSocket.Socket._onTimeout (net.js:444:8)
      at ontimeout (timers.js:427:11)
      at tryOnTimeout (timers.js:289:5)
      at listOnTimeout (timers.js:252:5)

npm manifest: 
  {
    "name": "cutler-portfolio",
    "version": "0.0.0",
    "license": "MIT",
    "scripts": {
      "ng": "ng",
      "start": "ng serve",
      "build": "ng build --prod",
      "test": "ng test",
      "lint": "ng lint",
      "e2e": "ng e2e",
      "deploy": "ng build --prod && angular-cli-ghpages --branch master"
    },
    "private": true,
    "dependencies": {
      "@angular/animations": "^6.0.7",
      "@angular/common": "^6.0.7",
      "@angular/compiler": "^6.0.7",
      "@angular/core": "^6.0.7",
      "@angular/forms": "^6.0.7",
      "@angular/http": "^6.0.7",
      "@angular/platform-browser": "^6.0.7",
      "@angular/platform-browser-dynamic": "^6.0.7",
      "@angular/router": "^6.0.7",
      "angular-cli-ghpages": "^0.5.2",
      "core-js": "^2.4.1",
      "lodash": "^4.17.5",
      "rxjs": "^6.2.1",
      "rxjs-compat": "^6.0.0-rc.0",
      "zone.js": "^0.8.19"
    },
    "devDependencies": {
      "@angular/cli": "^6.0.8",
      "@angular/compiler-cli": "^6.0.7",
      "@angular/language-service": "^6.0.7",
      "@types/jasmine": "~2.8.3",
      "@types/jasminewd2": "~2.0.2",
      "@types/node": "~6.0.60",
      "codelyzer": "^4.0.1",
      "jasmine-core": "~2.8.0",
      "jasmine-spec-reporter": "~4.2.1",
      "karma": "~2.0.0",
      "karma-chrome-launcher": "~2.2.0",
      "karma-coverage-istanbul-reporter": "^1.2.1",
      "karma-jasmine": "~1.1.0",
      "karma-jasmine-html-reporter": "^0.2.2",
      "node-sass": "^4.7.2",
      "protractor": "^5.3.2",
      "ts-node": "~4.1.0",
      "tslint": "~5.9.1",
      "typescript": "~2.7.2",
      "@angular-devkit/build-angular": "~0.6.8"
    }
  }

yarn manifest: 
  No manifest

Lockfile: 
  No lockfile
